<?xml version="1.0" encoding="UTF-8"?>
<!-- Generated by org.testng.reporters.JUnitReportReporter -->
<testsuite hostname="laptopGOPIR" failures="0" tests="1" name="testngpractice.Maincla" time="6.091" errors="0" timestamp="2023-10-26T22:08:46 IST" skipped="0">
  <testcase classname="testngpractice.Maincla" name="button" time="6.091"/>
  <system-out/>
</testsuite> <!-- testngpractice.Maincla -->
