<?xml version="1.0" encoding="UTF-8"?>
<!-- Generated by org.testng.reporters.JUnitReportReporter -->
<testsuite hostname="laptopGOPIR" failures="0" tests="1" name="prct.Runpgm" time="4.728" errors="0" timestamp="2023-12-30T20:52:15 IST" skipped="0">
  <testcase classname="prct.Runpgm" name="signup" time="4.728"/>
  <system-out/>
</testsuite> <!-- prct.Runpgm -->
